<?xml version="1.0" encoding="UTF-8"?>
<!-- Generated by org.testng.reporters.JUnitReportReporter -->
<testsuite hostname="CHAITRA" failures="0" tests="1" name="testng.Test0" time="0.014" errors="0" timestamp="2023-06-26T13:00:25 BST" skipped="0">
  <testcase classname="testng.Test0" name="demo" time="0.014"/>
  <system-out>
    <![CDATA[hello java
hello selenium]]>
  </system-out>
</testsuite> <!-- testng.Test0 -->
