<?xml version="1.0" encoding="UTF-8"?>
<!-- Generated by org.testng.reporters.JUnitReportReporter -->
<testsuite hostname="CHAITRA" failures="0" tests="1" name="testng.Testcase3" time="19.536" errors="0" timestamp="2023-06-26T17:04:15 BST" skipped="0">
  <testcase classname="testng.Testcase3" name="tc3" time="19.536"/>
  <system-out>
    <![CDATA[Log in to Facebook
https://www.facebook.com/login/?next=https%3A%2F%2Fwww.facebook.com%2Fpages%2Fcreate%2F%3Fref_type%3Dregistration_form]]>
  </system-out>
</testsuite> <!-- testng.Testcase3 -->
