<?xml version="1.0" encoding="UTF-8"?>
<!-- Generated by org.testng.reporters.JUnitReportReporter -->
<testsuite hostname="CHAITRA" failures="0" tests="3" name="testng.Parallel" time="48.222" errors="0" timestamp="2023-06-26T15:11:30 BST" skipped="0">
  <testcase classname="testng.Parallel" name="demo" time="15.533"/>
  <system-out>
    <![CDATA[Facebook – log in or sign up
https://www.facebook.com/]]>
  </system-out>
  <testcase classname="testng.Parallel" name="demo" time="16.836"/>
  <system-out>
    <![CDATA[Facebook – log in or sign up
https://www.facebook.com/login/?privacy_mutation_token=eyJ0eXBlIjowLCJjcmVhdGlvbl90aW1lIjoxNjg3NzY5MTUwLCJjYWxsc2l0ZV9pZCI6MzgxMjI5MDc5NTc1OTQ2fQ%3D%3D]]>
  </system-out>
  <testcase classname="testng.Parallel" name="demo" time="15.853"/>
  <system-out>
    <![CDATA[Facebook – log in or sign up
https://www.facebook.com/]]>
  </system-out>
</testsuite> <!-- testng.Parallel -->
