<?xml version="1.0" encoding="UTF-8"?>
<!-- Generated by org.testng.reporters.JUnitReportReporter -->
<testsuite hostname="CHAITRA" failures="0" tests="1" name="testng.Testcase2" time="11.426" errors="0" timestamp="2023-06-26T17:04:15 BST" skipped="0">
  <testcase classname="testng.Testcase2" name="tc2" time="11.426"/>
  <system-out>
    <![CDATA[Forgotten Password | Can't Log In | Facebook
https://www.facebook.com/login/identify/?ctx=recover&ars=facebook_login&from_login_screen=0]]>
  </system-out>
</testsuite> <!-- testng.Testcase2 -->
